[28-08-2025 01:33:34] [INFO] Application started successfully
[28-08-2025 01:33:34] [DEBUG] Debug information: User session created
[28-08-2025 01:33:34] [WARN] Warning: Database connection is slow
[28-08-2025 01:33:34] [ERROR] Error: Failed to connect to external service
[28-08-2025 01:33:34] [TRACE] Trace: Entering user authentication method
[28-08-2025 01:33:34] [INFO] Processing request #1
[28-08-2025 01:33:34] [INFO] Processing request #2
[28-08-2025 01:33:34] [INFO] Processing request #3
[28-08-2025 01:33:34] [INFO] Processing request #4
[28-08-2025 01:33:34] [INFO] Processing request #5
[28-08-2025 01:48:46] [INFO] Application started successfully
[28-08-2025 01:48:46] [DEBUG] Debug information: User session created
[28-08-2025 01:48:46] [WARN] Warning: Database connection is slow
[28-08-2025 01:48:46] [ERROR] Error: Failed to connect to external service
[28-08-2025 01:48:46] [TRACE] Trace: Entering user authentication method
[28-08-2025 01:52:58] [INFO] Application started successfully
[28-08-2025 01:52:58] [DEBUG] Debug information: User session created
[28-08-2025 01:52:58] [WARN] Warning: Database connection is slow
[28-08-2025 01:52:58] [ERROR] Error: Failed to connect to external service
[28-08-2025 01:52:58] [TRACE] Trace: Entering user authentication method
[28-08-2025 01:57:57] [INFO] Application started successfully
[28-08-2025 01:57:57] [DEBUG] Debug information: User session created
[28-08-2025 01:57:57] [WARN] Warning: Database connection is slow
[28-08-2025 01:57:57] [ERROR] Error: Failed to connect to external service
[28-08-2025 01:57:57] [TRACE] Trace: Entering user authentication method
